{"asctime": "2026-04-18 22:27:44,935", "levelname": "INFO", "name": "src.core.startup", "message": "Dependencies are ready"}
{"asctime": "2026-04-18 22:27:45,494", "levelname": "INFO", "name": "apscheduler.scheduler", "message": "Adding job tentatively -- it will be properly scheduled when the scheduler starts"}
{"asctime": "2026-04-18 22:27:45,517", "levelname": "INFO", "name": "apscheduler.scheduler", "message": "Adding job tentatively -- it will be properly scheduled when the scheduler starts"}
{"asctime": "2026-04-18 22:27:45,550", "levelname": "INFO", "name": "apscheduler.scheduler", "message": "Adding job tentatively -- it will be properly scheduled when the scheduler starts"}
{"asctime": "2026-04-18 22:27:45,579", "levelname": "INFO", "name": "apscheduler.scheduler", "message": "Added job \"sla_watchdog\" to job store \"default\""}
{"asctime": "2026-04-18 22:27:45,608", "levelname": "INFO", "name": "apscheduler.scheduler", "message": "Added job \"daily_backup_report\" to job store \"default\""}
{"asctime": "2026-04-18 22:27:45,651", "levelname": "INFO", "name": "apscheduler.scheduler", "message": "Added job \"stats_report_tick\" to job store \"default\""}
{"asctime": "2026-04-18 22:27:45,652", "levelname": "INFO", "name": "apscheduler.scheduler", "message": "Scheduler started"}
{"asctime": "2026-04-18 22:27:45,653", "levelname": "INFO", "name": "__main__", "message": "Scheduler started"}
{"asctime": "2026-04-18 22:28:45,510", "levelname": "INFO", "name": "apscheduler.executors.default", "message": "Running job \"sla_watchdog (trigger: interval[0:01:00], next run at: 2026-04-18 22:29:45 +05)\" (scheduled at 2026-04-18 22:28:45.494997+05:00)"}
{"asctime": "2026-04-18 22:28:45,550", "levelname": "INFO", "name": "apscheduler.executors.default", "message": "Job \"sla_watchdog (trigger: interval[0:01:00], next run at: 2026-04-18 22:29:45 +05)\" executed successfully"}
{"asctime": "2026-04-18 22:29:45,509", "levelname": "INFO", "name": "apscheduler.executors.default", "message": "Running job \"sla_watchdog (trigger: interval[0:01:00], next run at: 2026-04-18 22:30:45 +05)\" (scheduled at 2026-04-18 22:29:45.494997+05:00)"}
{"asctime": "2026-04-18 22:29:45,531", "levelname": "INFO", "name": "apscheduler.executors.default", "message": "Job \"sla_watchdog (trigger: interval[0:01:00], next run at: 2026-04-18 22:30:45 +05)\" executed successfully"}
{"asctime": "2026-04-18 22:30:45,502", "levelname": "INFO", "name": "apscheduler.executors.default", "message": "Running job \"sla_watchdog (trigger: interval[0:01:00], next run at: 2026-04-18 22:31:45 +05)\" (scheduled at 2026-04-18 22:30:45.494997+05:00)"}
{"asctime": "2026-04-18 22:30:45,508", "levelname": "INFO", "name": "apscheduler.executors.default", "message": "Job \"sla_watchdog (trigger: interval[0:01:00], next run at: 2026-04-18 22:31:45 +05)\" executed successfully"}
{"asctime": "2026-04-18 22:31:45,505", "levelname": "INFO", "name": "apscheduler.executors.default", "message": "Running job \"sla_watchdog (trigger: interval[0:01:00], next run at: 2026-04-18 22:32:45 +05)\" (scheduled at 2026-04-18 22:31:45.494997+05:00)"}
{"asctime": "2026-04-18 22:31:45,514", "levelname": "INFO", "name": "apscheduler.executors.default", "message": "Job \"sla_watchdog (trigger: interval[0:01:00], next run at: 2026-04-18 22:32:45 +05)\" executed successfully"}
{"asctime": "2026-04-18 22:32:45,518", "levelname": "INFO", "name": "apscheduler.executors.default", "message": "Running job \"sla_watchdog (trigger: interval[0:01:00], next run at: 2026-04-18 22:33:45 +05)\" (scheduled at 2026-04-18 22:32:45.494997+05:00)"}
{"asctime": "2026-04-18 22:32:45,527", "levelname": "INFO", "name": "apscheduler.executors.default", "message": "Job \"sla_watchdog (trigger: interval[0:01:00], next run at: 2026-04-18 22:33:45 +05)\" executed successfully"}
{"asctime": "2026-04-18 22:33:45,516", "levelname": "INFO", "name": "apscheduler.executors.default", "message": "Running job \"sla_watchdog (trigger: interval[0:01:00], next run at: 2026-04-18 22:34:45 +05)\" (scheduled at 2026-04-18 22:33:45.494997+05:00)"}
{"asctime": "2026-04-18 22:33:45,553", "levelname": "INFO", "name": "apscheduler.executors.default", "message": "Job \"sla_watchdog (trigger: interval[0:01:00], next run at: 2026-04-18 22:34:45 +05)\" executed successfully"}
{"asctime": "2026-04-18 22:34:45,505", "levelname": "INFO", "name": "apscheduler.executors.default", "message": "Running job \"sla_watchdog (trigger: interval[0:01:00], next run at: 2026-04-18 22:35:45 +05)\" (scheduled at 2026-04-18 22:34:45.494997+05:00)"}
{"asctime": "2026-04-18 22:34:45,516", "levelname": "INFO", "name": "apscheduler.executors.default", "message": "Job \"sla_watchdog (trigger: interval[0:01:00], next run at: 2026-04-18 22:35:45 +05)\" executed successfully"}
{"asctime": "2026-04-18 22:35:45,500", "levelname": "INFO", "name": "apscheduler.executors.default", "message": "Running job \"sla_watchdog (trigger: interval[0:01:00], next run at: 2026-04-18 22:36:45 +05)\" (scheduled at 2026-04-18 22:35:45.494997+05:00)"}
{"asctime": "2026-04-18 22:35:45,520", "levelname": "INFO", "name": "apscheduler.executors.default", "message": "Job \"sla_watchdog (trigger: interval[0:01:00], next run at: 2026-04-18 22:36:45 +05)\" executed successfully"}
{"asctime": "2026-04-18 22:36:45,507", "levelname": "INFO", "name": "apscheduler.executors.default", "message": "Running job \"sla_watchdog (trigger: interval[0:01:00], next run at: 2026-04-18 22:37:45 +05)\" (scheduled at 2026-04-18 22:36:45.494997+05:00)"}
{"asctime": "2026-04-18 22:36:45,529", "levelname": "INFO", "name": "apscheduler.executors.default", "message": "Job \"sla_watchdog (trigger: interval[0:01:00], next run at: 2026-04-18 22:37:45 +05)\" executed successfully"}
{"asctime": "2026-04-18 22:37:45,518", "levelname": "INFO", "name": "apscheduler.executors.default", "message": "Running job \"sla_watchdog (trigger: interval[0:01:00], next run at: 2026-04-18 22:38:45 +05)\" (scheduled at 2026-04-18 22:37:45.494997+05:00)"}
{"asctime": "2026-04-18 22:37:45,544", "levelname": "INFO", "name": "apscheduler.executors.default", "message": "Job \"sla_watchdog (trigger: interval[0:01:00], next run at: 2026-04-18 22:38:45 +05)\" executed successfully"}
{"asctime": "2026-04-18 22:38:45,511", "levelname": "INFO", "name": "apscheduler.executors.default", "message": "Running job \"sla_watchdog (trigger: interval[0:01:00], next run at: 2026-04-18 22:39:45 +05)\" (scheduled at 2026-04-18 22:38:45.494997+05:00)"}
{"asctime": "2026-04-18 22:38:45,518", "levelname": "INFO", "name": "apscheduler.executors.default", "message": "Job \"sla_watchdog (trigger: interval[0:01:00], next run at: 2026-04-18 22:39:45 +05)\" executed successfully"}
{"asctime": "2026-04-18 22:39:45,505", "levelname": "INFO", "name": "apscheduler.executors.default", "message": "Running job \"sla_watchdog (trigger: interval[0:01:00], next run at: 2026-04-18 22:40:45 +05)\" (scheduled at 2026-04-18 22:39:45.494997+05:00)"}
{"asctime": "2026-04-18 22:39:45,516", "levelname": "INFO", "name": "apscheduler.executors.default", "message": "Job \"sla_watchdog (trigger: interval[0:01:00], next run at: 2026-04-18 22:40:45 +05)\" executed successfully"}
{"asctime": "2026-04-18 22:40:45,500", "levelname": "INFO", "name": "apscheduler.executors.default", "message": "Running job \"sla_watchdog (trigger: interval[0:01:00], next run at: 2026-04-18 22:41:45 +05)\" (scheduled at 2026-04-18 22:40:45.494997+05:00)"}
{"asctime": "2026-04-18 22:40:45,518", "levelname": "INFO", "name": "apscheduler.executors.default", "message": "Job \"sla_watchdog (trigger: interval[0:01:00], next run at: 2026-04-18 22:41:45 +05)\" executed successfully"}
{"asctime": "2026-04-18 22:41:45,500", "levelname": "INFO", "name": "apscheduler.executors.default", "message": "Running job \"sla_watchdog (trigger: interval[0:01:00], next run at: 2026-04-18 22:42:45 +05)\" (scheduled at 2026-04-18 22:41:45.494997+05:00)"}
{"asctime": "2026-04-18 22:41:45,506", "levelname": "INFO", "name": "apscheduler.executors.default", "message": "Job \"sla_watchdog (trigger: interval[0:01:00], next run at: 2026-04-18 22:42:45 +05)\" executed successfully"}
{"asctime": "2026-04-18 22:42:45,498", "levelname": "INFO", "name": "apscheduler.executors.default", "message": "Running job \"sla_watchdog (trigger: interval[0:01:00], next run at: 2026-04-18 22:43:45 +05)\" (scheduled at 2026-04-18 22:42:45.494997+05:00)"}
{"asctime": "2026-04-18 22:42:45,503", "levelname": "INFO", "name": "apscheduler.executors.default", "message": "Job \"sla_watchdog (trigger: interval[0:01:00], next run at: 2026-04-18 22:43:45 +05)\" executed successfully"}
{"asctime": "2026-04-18 22:43:45,504", "levelname": "INFO", "name": "apscheduler.executors.default", "message": "Running job \"sla_watchdog (trigger: interval[0:01:00], next run at: 2026-04-18 22:44:45 +05)\" (scheduled at 2026-04-18 22:43:45.494997+05:00)"}
{"asctime": "2026-04-18 22:43:45,510", "levelname": "INFO", "name": "apscheduler.executors.default", "message": "Job \"sla_watchdog (trigger: interval[0:01:00], next run at: 2026-04-18 22:44:45 +05)\" executed successfully"}
{"asctime": "2026-04-18 22:44:45,514", "levelname": "INFO", "name": "apscheduler.executors.default", "message": "Running job \"sla_watchdog (trigger: interval[0:01:00], next run at: 2026-04-18 22:45:45 +05)\" (scheduled at 2026-04-18 22:44:45.494997+05:00)"}
{"asctime": "2026-04-18 22:44:45,537", "levelname": "INFO", "name": "apscheduler.executors.default", "message": "Job \"sla_watchdog (trigger: interval[0:01:00], next run at: 2026-04-18 22:45:45 +05)\" executed successfully"}
{"asctime": "2026-04-18 22:45:45,498", "levelname": "INFO", "name": "apscheduler.executors.default", "message": "Running job \"sla_watchdog (trigger: interval[0:01:00], next run at: 2026-04-18 22:46:45 +05)\" (scheduled at 2026-04-18 22:45:45.494997+05:00)"}
{"asctime": "2026-04-18 22:45:45,504", "levelname": "INFO", "name": "apscheduler.executors.default", "message": "Job \"sla_watchdog (trigger: interval[0:01:00], next run at: 2026-04-18 22:46:45 +05)\" executed successfully"}
{"asctime": "2026-04-18 22:46:45,499", "levelname": "INFO", "name": "apscheduler.executors.default", "message": "Running job \"sla_watchdog (trigger: interval[0:01:00], next run at: 2026-04-18 22:47:45 +05)\" (scheduled at 2026-04-18 22:46:45.494997+05:00)"}
{"asctime": "2026-04-18 22:46:45,523", "levelname": "INFO", "name": "apscheduler.executors.default", "message": "Job \"sla_watchdog (trigger: interval[0:01:00], next run at: 2026-04-18 22:47:45 +05)\" executed successfully"}
{"asctime": "2026-04-18 22:47:45,511", "levelname": "INFO", "name": "apscheduler.executors.default", "message": "Running job \"sla_watchdog (trigger: interval[0:01:00], next run at: 2026-04-18 22:48:45 +05)\" (scheduled at 2026-04-18 22:47:45.494997+05:00)"}
{"asctime": "2026-04-18 22:47:45,531", "levelname": "INFO", "name": "apscheduler.executors.default", "message": "Job \"sla_watchdog (trigger: interval[0:01:00], next run at: 2026-04-18 22:48:45 +05)\" executed successfully"}
{"asctime": "2026-04-18 22:48:45,498", "levelname": "INFO", "name": "apscheduler.executors.default", "message": "Running job \"sla_watchdog (trigger: interval[0:01:00], next run at: 2026-04-18 22:49:45 +05)\" (scheduled at 2026-04-18 22:48:45.494997+05:00)"}
{"asctime": "2026-04-18 22:48:45,507", "levelname": "INFO", "name": "apscheduler.executors.default", "message": "Job \"sla_watchdog (trigger: interval[0:01:00], next run at: 2026-04-18 22:49:45 +05)\" executed successfully"}
{"asctime": "2026-04-18 22:49:45,502", "levelname": "INFO", "name": "apscheduler.executors.default", "message": "Running job \"sla_watchdog (trigger: interval[0:01:00], next run at: 2026-04-18 22:50:45 +05)\" (scheduled at 2026-04-18 22:49:45.494997+05:00)"}
{"asctime": "2026-04-18 22:49:45,508", "levelname": "INFO", "name": "apscheduler.executors.default", "message": "Job \"sla_watchdog (trigger: interval[0:01:00], next run at: 2026-04-18 22:50:45 +05)\" executed successfully"}
{"asctime": "2026-04-18 22:50:45,504", "levelname": "INFO", "name": "apscheduler.executors.default", "message": "Running job \"sla_watchdog (trigger: interval[0:01:00], next run at: 2026-04-18 22:51:45 +05)\" (scheduled at 2026-04-18 22:50:45.494997+05:00)"}
{"asctime": "2026-04-18 22:50:45,517", "levelname": "INFO", "name": "apscheduler.executors.default", "message": "Job \"sla_watchdog (trigger: interval[0:01:00], next run at: 2026-04-18 22:51:45 +05)\" executed successfully"}
{"asctime": "2026-04-18 22:51:45,508", "levelname": "INFO", "name": "apscheduler.executors.default", "message": "Running job \"sla_watchdog (trigger: interval[0:01:00], next run at: 2026-04-18 22:52:45 +05)\" (scheduled at 2026-04-18 22:51:45.494997+05:00)"}
{"asctime": "2026-04-18 22:51:45,594", "levelname": "INFO", "name": "apscheduler.executors.default", "message": "Job \"sla_watchdog (trigger: interval[0:01:00], next run at: 2026-04-18 22:52:45 +05)\" executed successfully"}
{"asctime": "2026-04-18 22:52:45,502", "levelname": "INFO", "name": "apscheduler.executors.default", "message": "Running job \"sla_watchdog (trigger: interval[0:01:00], next run at: 2026-04-18 22:53:45 +05)\" (scheduled at 2026-04-18 22:52:45.494997+05:00)"}
{"asctime": "2026-04-18 22:52:46,108", "levelname": "INFO", "name": "apscheduler.executors.default", "message": "Job \"sla_watchdog (trigger: interval[0:01:00], next run at: 2026-04-18 22:53:45 +05)\" executed successfully"}
{"asctime": "2026-04-18 22:53:45,518", "levelname": "INFO", "name": "apscheduler.executors.default", "message": "Running job \"sla_watchdog (trigger: interval[0:01:00], next run at: 2026-04-18 22:54:45 +05)\" (scheduled at 2026-04-18 22:53:45.494997+05:00)"}
{"asctime": "2026-04-18 22:53:45,529", "levelname": "INFO", "name": "apscheduler.executors.default", "message": "Job \"sla_watchdog (trigger: interval[0:01:00], next run at: 2026-04-18 22:54:45 +05)\" executed successfully"}
{"asctime": "2026-04-18 22:54:45,506", "levelname": "INFO", "name": "apscheduler.executors.default", "message": "Running job \"sla_watchdog (trigger: interval[0:01:00], next run at: 2026-04-18 22:55:45 +05)\" (scheduled at 2026-04-18 22:54:45.494997+05:00)"}
{"asctime": "2026-04-18 22:54:45,513", "levelname": "INFO", "name": "apscheduler.executors.default", "message": "Job \"sla_watchdog (trigger: interval[0:01:00], next run at: 2026-04-18 22:55:45 +05)\" executed successfully"}
{"asctime": "2026-04-18 22:55:45,506", "levelname": "INFO", "name": "apscheduler.executors.default", "message": "Running job \"sla_watchdog (trigger: interval[0:01:00], next run at: 2026-04-18 22:56:45 +05)\" (scheduled at 2026-04-18 22:55:45.494997+05:00)"}
{"asctime": "2026-04-18 22:55:45,545", "levelname": "INFO", "name": "apscheduler.executors.default", "message": "Job \"sla_watchdog (trigger: interval[0:01:00], next run at: 2026-04-18 22:56:45 +05)\" executed successfully"}
{"asctime": "2026-04-18 22:56:45,502", "levelname": "INFO", "name": "apscheduler.executors.default", "message": "Running job \"sla_watchdog (trigger: interval[0:01:00], next run at: 2026-04-18 22:57:45 +05)\" (scheduled at 2026-04-18 22:56:45.494997+05:00)"}
{"asctime": "2026-04-18 22:56:45,524", "levelname": "INFO", "name": "apscheduler.executors.default", "message": "Job \"sla_watchdog (trigger: interval[0:01:00], next run at: 2026-04-18 22:57:45 +05)\" executed successfully"}
{"asctime": "2026-04-18 22:57:45,524", "levelname": "INFO", "name": "apscheduler.executors.default", "message": "Running job \"sla_watchdog (trigger: interval[0:01:00], next run at: 2026-04-18 22:58:45 +05)\" (scheduled at 2026-04-18 22:57:45.494997+05:00)"}
{"asctime": "2026-04-18 22:57:45,547", "levelname": "INFO", "name": "apscheduler.executors.default", "message": "Job \"sla_watchdog (trigger: interval[0:01:00], next run at: 2026-04-18 22:58:45 +05)\" executed successfully"}
{"asctime": "2026-04-18 22:58:45,500", "levelname": "INFO", "name": "apscheduler.executors.default", "message": "Running job \"sla_watchdog (trigger: interval[0:01:00], next run at: 2026-04-18 22:59:45 +05)\" (scheduled at 2026-04-18 22:58:45.494997+05:00)"}
{"asctime": "2026-04-18 22:58:45,527", "levelname": "INFO", "name": "apscheduler.executors.default", "message": "Job \"sla_watchdog (trigger: interval[0:01:00], next run at: 2026-04-18 22:59:45 +05)\" executed successfully"}
{"asctime": "2026-04-18 22:59:45,501", "levelname": "INFO", "name": "apscheduler.executors.default", "message": "Running job \"sla_watchdog (trigger: interval[0:01:00], next run at: 2026-04-18 23:00:45 +05)\" (scheduled at 2026-04-18 22:59:45.494997+05:00)"}
{"asctime": "2026-04-18 22:59:45,514", "levelname": "INFO", "name": "apscheduler.executors.default", "message": "Job \"sla_watchdog (trigger: interval[0:01:00], next run at: 2026-04-18 23:00:45 +05)\" executed successfully"}
